<?xml version="1.0" encoding="UTF-8"?>
<!-- Generated by org.testng.reporters.JUnitReportReporter -->
<testsuite skipped="0" hostname="Saiful-PC" name="facebook.faceTest" tests="3" failures="0" timestamp="2020-05-22T10:11:33 EDT" time="55.931" errors="0">
  <testcase name="browsers" time="17.662" classname="facebook.faceTest"/>
  <system-out/>
  <testcase name="browsers" time="18.288" classname="facebook.faceTest"/>
  <system-out/>
  <testcase name="browsers" time="19.981" classname="facebook.faceTest"/>
  <system-out/>
</testsuite> <!-- facebook.faceTest -->
