<?xml version="1.0" encoding="UTF-8"?>
<!-- Generated by org.testng.reporters.JUnitReportReporter -->
<testsuite skipped="0" hostname="Saiful-PC" name="facebook.face2Test" tests="1" failures="0" timestamp="2020-05-21T18:46:54 EDT" time="13.495" errors="0">
  <testcase name="sas" time="13.495" classname="facebook.face2Test"/>
  <system-out/>
</testsuite> <!-- facebook.face2Test -->
